Using pre-set license
Built from '2020.3/release' branch; Version is '2020.3.2f1 (8fd9074bf66c) revision 9427207'; Using compiler version '192528614'; Build Type 'Release'
OS: 'Windows 10 Pro; OS build 19041.572; Version 2004; 64bit' Language: 'tr' Physical Memory: 8030 MB
BatchMode: 1, IsHumanControllingUs: 0, StartBugReporterOnCrash: 0, Is64bit: 1, IsPro: 0

 COMMAND LINE ARGUMENTS:
C:\Program Files\Unity\Hub\Editor\2020.3.2f1\Editor\Unity.exe
-adb2
-batchMode
-noUpm
-name
AssetImportWorker0
-projectPath
C:/Users/hjhtu/Desktop/block/glitch garden/glitch garden
-logFile
Logs/AssetImportWorker0.log
-srvPort
50054
Successfully changed project path to: C:/Users/hjhtu/Desktop/block/glitch garden/glitch garden
C:/Users/hjhtu/Desktop/block/glitch garden/glitch garden
Using Asset Import Pipeline V2.
Refreshing native plugins compatible for Editor in 46.91 ms, found 1 plugins.
Preloading 0 native plugins for Editor in 0.00 ms.
Initialize engine version: 2020.3.2f1 (8fd9074bf66c)
[Subsystems] Discovering subsystems at path C:/Program Files/Unity/Hub/Editor/2020.3.2f1/Editor/Data/Resources/UnitySubsystems
[Subsystems] Discovering subsystems at path C:/Users/hjhtu/Desktop/block/glitch garden/glitch garden/Assets
GfxDevice: creating device client; threaded=0
Direct3D:
    Version:  Direct3D 11.0 [level 11.1]
    Renderer: NVIDIA GeForce GTX 1650 (ID=0x1f99)
    Vendor:   
    VRAM:     3962 MB
    Driver:   27.21.14.5167
Initialize mono
Mono path[0] = 'C:/Program Files/Unity/Hub/Editor/2020.3.2f1/Editor/Data/Managed'
Mono path[1] = 'C:/Program Files/Unity/Hub/Editor/2020.3.2f1/Editor/Data/MonoBleedingEdge/lib/mono/unityjit'
Mono config path = 'C:/Program Files/Unity/Hub/Editor/2020.3.2f1/Editor/Data/MonoBleedingEdge/etc'
Using monoOptions --debugger-agent=transport=dt_socket,embedding=1,server=y,suspend=n,address=127.0.0.1:56476
Begin MonoManager ReloadAssembly
Registering precompiled unity dll's ...
Register platform support module: C:/Program Files/Unity/Hub/Editor/2020.3.2f1/Editor/Data/PlaybackEngines/WindowsStandaloneSupport/UnityEditor.WindowsStandalone.Extensions.dll
Registered in 0.004175 seconds.
Native extension for WindowsStandalone target not found
Refreshing native plugins compatible for Editor in 106.90 ms, found 1 plugins.
Preloading 0 native plugins for Editor in 0.00 ms.
Invoked RoslynAnalysisRunner static constructor.
RoslynAnalysisRunner will not be running.
RoslynAnalysisRunner has terminated.
Mono: successfully reloaded assembly
- Completed reload, in  3.916 seconds
Platform modules already initialized, skipping
Registering precompiled user dll's ...
Registered in 0.003007 seconds.
Begin MonoManager ReloadAssembly
Native extension for WindowsStandalone target not found
Refreshing native plugins compatible for Editor in 80.09 ms, found 1 plugins.
Preloading 0 native plugins for Editor in 0.00 ms.
Invoked RoslynAnalysisRunner static constructor.
RoslynAnalysisRunner will not be running.
RoslynAnalysisRunner has terminated.
Mono: successfully reloaded assembly
- Completed reload, in  2.310 seconds
Platform modules already initialized, skipping
========================================================================
Worker process is ready to serve import requests
Launched and connected shader compiler UnityShaderCompiler.exe after 0.14 seconds
Refreshing native plugins compatible for Editor in 1.20 ms, found 1 plugins.
Preloading 0 native plugins for Editor in 0.00 ms.
Unloading 1818 Unused Serialized files (Serialized files now loaded: 0)
System memory in use before: 85.7 MB.
System memory in use after: 85.6 MB.

Unloading 24 unused Assets to reduce memory usage. Loaded Objects now: 2263.
Total: 5.418500 ms (FindLiveObjects: 0.787000 ms CreateObjectMapping: 0.327700 ms MarkObjects: 4.049900 ms  DeleteObjects: 0.251200 ms)

========================================================================
Received Import Request.
  path: Assets/prefabs/core game/button.prefab
  artifactKey: Guid(9ecc0d5a0581cca458153337b7d1f3da) Importer(815301076,1909f56bfc062723c751e8b465ee728b)
Start importing Assets/prefabs/core game/button.prefab using Guid(9ecc0d5a0581cca458153337b7d1f3da) Importer(815301076,1909f56bfc062723c751e8b465ee728b)  -> (artifact id: 'd2ebb88157cb7db5152b25ce2ed975e1') in 0.198594 seconds
  Import took 0.209432 seconds .

========================================================================
Received Import Request.
  Time since last request: 11.257788 seconds.
  path: Assets/Scenes/startscreen.unity
  artifactKey: Guid(b9418593937e2f048bbf4dd692187a51) Importer(815301076,1909f56bfc062723c751e8b465ee728b)
Start importing Assets/Scenes/startscreen.unity using Guid(b9418593937e2f048bbf4dd692187a51) Importer(815301076,1909f56bfc062723c751e8b465ee728b)  -> (artifact id: '87299113c431888be6fafb8852355459') in 0.005477 seconds
  Import took 0.012251 seconds .

========================================================================
Received Import Request.
  Time since last request: 0.005233 seconds.
  path: Assets/Scenes/startscreen.unity
  artifactKey: Guid(b9418593937e2f048bbf4dd692187a51) Importer(815301076,1909f56bfc062723c751e8b465ee728b)
Start importing Assets/Scenes/startscreen.unity using Guid(b9418593937e2f048bbf4dd692187a51) Importer(815301076,1909f56bfc062723c751e8b465ee728b)  -> (artifact id: '87299113c431888be6fafb8852355459') in 0.007150 seconds
  Import took 0.014367 seconds .

========================================================================
Received Import Request.
  Time since last request: 6.977829 seconds.
  path: Assets/Scenes/level1.unity
  artifactKey: Guid(47c2dc77a3676b94ca150a33312f7a14) Importer(815301076,1909f56bfc062723c751e8b465ee728b)
Start importing Assets/Scenes/level1.unity using Guid(47c2dc77a3676b94ca150a33312f7a14) Importer(815301076,1909f56bfc062723c751e8b465ee728b)  -> (artifact id: 'd7371afe48a7ebfe34b56a6db4132c25') in 0.007893 seconds
  Import took 0.014375 seconds .

========================================================================
Received Import Request.
  Time since last request: 6.286033 seconds.
  path: Assets/Scenes/startscreen 1.unity
  artifactKey: Guid(ffc63c51a30341b45b2789ed7b544f71) Importer(815301076,1909f56bfc062723c751e8b465ee728b)
Start importing Assets/Scenes/startscreen 1.unity using Guid(ffc63c51a30341b45b2789ed7b544f71) Importer(815301076,1909f56bfc062723c751e8b465ee728b)  -> (artifact id: '76d9fbc4b6bdc31a992e924166996db1') in 0.011790 seconds
  Import took 0.020952 seconds .

========================================================================
Received Import Request.
  Time since last request: 0.009594 seconds.
  path: Assets/Scenes/startscreen 1.unity
  artifactKey: Guid(ffc63c51a30341b45b2789ed7b544f71) Importer(815301076,1909f56bfc062723c751e8b465ee728b)
Start importing Assets/Scenes/startscreen 1.unity using Guid(ffc63c51a30341b45b2789ed7b544f71) Importer(815301076,1909f56bfc062723c751e8b465ee728b)  -> (artifact id: '76d9fbc4b6bdc31a992e924166996db1') in 0.006290 seconds
  Import took 0.015073 seconds .

========================================================================
Received Import Request.
  Time since last request: 10.829579 seconds.
  path: Assets/Scenes/optionscreen.unity
  artifactKey: Guid(ffc63c51a30341b45b2789ed7b544f71) Importer(815301076,1909f56bfc062723c751e8b465ee728b)
Start importing Assets/Scenes/optionscreen.unity using Guid(ffc63c51a30341b45b2789ed7b544f71) Importer(815301076,1909f56bfc062723c751e8b465ee728b)  -> (artifact id: '44e28b603af411f9d8b716a9a445afe6') in 0.013717 seconds
  Import took 0.021976 seconds .

========================================================================
Received Import Request.
  Time since last request: 26.969146 seconds.
  path: Packages/com.unity.2d.sprite
  artifactKey: Guid(0901a6b758d060e9422c4f8d588d5895) Importer(815301076,1909f56bfc062723c751e8b465ee728b)
Start importing Packages/com.unity.2d.sprite using Guid(0901a6b758d060e9422c4f8d588d5895) Importer(815301076,1909f56bfc062723c751e8b465ee728b)  -> (artifact id: '12f93ed1fd1deb6b7961b7d9964eb74a') in 0.017915 seconds
  Import took 0.025489 seconds .

========================================================================
Received Import Request.
  Time since last request: 0.062328 seconds.
  path: Packages/com.unity.2d.sprite/package.json
  artifactKey: Guid(7dc5f1e5d04ac8549ac21802071e983b) Importer(815301076,1909f56bfc062723c751e8b465ee728b)
Start importing Packages/com.unity.2d.sprite/package.json using Guid(7dc5f1e5d04ac8549ac21802071e983b) Importer(815301076,1909f56bfc062723c751e8b465ee728b)  -> (artifact id: '6a75ff1adb2fa3315843e1410d8a3519') in 0.025110 seconds
  Import took 0.031213 seconds .

========================================================================
Received Import Request.
  Time since last request: 14.134344 seconds.
  path: Assets/images/not to use/Fox Eating.png
  artifactKey: Guid(7738cb0ccc4fe1f45a88d92f137bf15a) Importer(815301076,1909f56bfc062723c751e8b465ee728b)
Start importing Assets/images/not to use/Fox Eating.png using Guid(7738cb0ccc4fe1f45a88d92f137bf15a) Importer(815301076,1909f56bfc062723c751e8b465ee728b)  -> (artifact id: '29f1ff3e99d391b02f2ea138470595e3') in 0.090704 seconds
  Import took 0.095816 seconds .

========================================================================
Received Import Request.
  Time since last request: 0.000248 seconds.
  path: Assets/images/not to use/Fox Running.png
  artifactKey: Guid(c8afa980a99264349bdf95c315a81fe8) Importer(815301076,1909f56bfc062723c751e8b465ee728b)
Start importing Assets/images/not to use/Fox Running.png using Guid(c8afa980a99264349bdf95c315a81fe8) Importer(815301076,1909f56bfc062723c751e8b465ee728b)  -> (artifact id: '3bb79529fe67c54558a76a32349021cb') in 0.030623 seconds
  Import took 0.038132 seconds .

========================================================================
Received Import Request.
  Time since last request: 0.000303 seconds.
  path: Assets/images/not to use/Gnome Idle.png
  artifactKey: Guid(110ef7cf974542c4bb992fdcb6ceb11b) Importer(815301076,1909f56bfc062723c751e8b465ee728b)
Start importing Assets/images/not to use/Gnome Idle.png using Guid(110ef7cf974542c4bb992fdcb6ceb11b) Importer(815301076,1909f56bfc062723c751e8b465ee728b)  -> (artifact id: '298cf581669dd15c0b1f029863081fc3') in 0.026687 seconds
  Import took 0.033959 seconds .

========================================================================
Received Import Request.
  Time since last request: 0.000459 seconds.
  path: Assets/images/not to use/Fox Jump.png
  artifactKey: Guid(8f220e9a1e8f46e40a479809a3d34e8f) Importer(815301076,1909f56bfc062723c751e8b465ee728b)
Start importing Assets/images/not to use/Fox Jump.png using Guid(8f220e9a1e8f46e40a479809a3d34e8f) Importer(815301076,1909f56bfc062723c751e8b465ee728b)  -> (artifact id: '8a8420bf3b79779207a79074fd937238') in 0.038794 seconds
  Import took 0.047060 seconds .

========================================================================
Received Import Request.
  Time since last request: 0.000314 seconds.
  path: Assets/images/not to use/Lizard Attacking.png
  artifactKey: Guid(49678144880246f48830520d6c074df3) Importer(815301076,1909f56bfc062723c751e8b465ee728b)
Start importing Assets/images/not to use/Lizard Attacking.png using Guid(49678144880246f48830520d6c074df3) Importer(815301076,1909f56bfc062723c751e8b465ee728b)  -> (artifact id: '72dd54ee2887bdbf6628b72e23e6f29b') in 0.040853 seconds
  Import took 0.047963 seconds .

========================================================================
Received Import Request.
  Time since last request: 0.000356 seconds.
  path: Assets/images/not to use/Gnome Hop.png
  artifactKey: Guid(4cb1c4dabb8f81a48bbf206b00195194) Importer(815301076,1909f56bfc062723c751e8b465ee728b)
Start importing Assets/images/not to use/Gnome Hop.png using Guid(4cb1c4dabb8f81a48bbf206b00195194) Importer(815301076,1909f56bfc062723c751e8b465ee728b)  -> (artifact id: 'ac00df40f12e942ded67b1be84dcb191') in 0.032544 seconds
  Import took 0.039305 seconds .

========================================================================
Received Import Request.
  Time since last request: 0.000311 seconds.
  path: Assets/images/not to use/Gravestone.png
  artifactKey: Guid(b9f6a611f15eb9f49b0a4d4aa4139f3f) Importer(815301076,1909f56bfc062723c751e8b465ee728b)
Start importing Assets/images/not to use/Gravestone.png using Guid(b9f6a611f15eb9f49b0a4d4aa4139f3f) Importer(815301076,1909f56bfc062723c751e8b465ee728b)  -> (artifact id: '95527b6b26ba43a024932d625c31d193') in 0.027987 seconds
  Import took 0.036509 seconds .

========================================================================
Received Import Request.
  Time since last request: 84.006770 seconds.
  path: Assets/images/not to use/Glitch_Meal_Vendor_1920x1080.jpg
  artifactKey: Guid(78e221cead3068745ac5e40aaf4baf6b) Importer(815301076,1909f56bfc062723c751e8b465ee728b)
Start importing Assets/images/not to use/Glitch_Meal_Vendor_1920x1080.jpg using Guid(78e221cead3068745ac5e40aaf4baf6b) Importer(815301076,1909f56bfc062723c751e8b465ee728b)  -> (artifact id: '406ba8f90060d5ddb2d776edef84c2a7') in 0.036944 seconds
  Import took 0.043953 seconds .

========================================================================
Received Import Request.
  Time since last request: 0.006444 seconds.
  path: Assets/images/not to use/Glitch_Meal_Vendor_1920x1080.jpg
  artifactKey: Guid(78e221cead3068745ac5e40aaf4baf6b) Importer(815301076,1909f56bfc062723c751e8b465ee728b)
Start importing Assets/images/not to use/Glitch_Meal_Vendor_1920x1080.jpg using Guid(78e221cead3068745ac5e40aaf4baf6b) Importer(815301076,1909f56bfc062723c751e8b465ee728b)  -> (artifact id: '406ba8f90060d5ddb2d776edef84c2a7') in 0.029718 seconds
  Import took 0.038427 seconds .

========================================================================
Received Import Request.
  Time since last request: 627.607362 seconds.
  path: Assets/Scenes/optionscreen.unity
  artifactKey: Guid(ffc63c51a30341b45b2789ed7b544f71) Importer(815301076,1909f56bfc062723c751e8b465ee728b)
Start importing Assets/Scenes/optionscreen.unity using Guid(ffc63c51a30341b45b2789ed7b544f71) Importer(815301076,1909f56bfc062723c751e8b465ee728b)  -> (artifact id: '8bf9e0fe89b682b205f800ba29e4c1e1') in 0.008101 seconds
  Import took 0.022663 seconds .

========================================================================
Received Prepare
Registering precompiled user dll's ...
Registered in 0.001870 seconds.
Begin MonoManager ReloadAssembly
Native extension for WindowsStandalone target not found
Refreshing native plugins compatible for Editor in 0.86 ms, found 1 plugins.
Preloading 0 native plugins for Editor in 0.00 ms.
Invoked RoslynAnalysisRunner static constructor.
RoslynAnalysisRunner will not be running.
RoslynAnalysisRunner has terminated.
Mono: successfully reloaded assembly
- Completed reload, in  1.234 seconds
Platform modules already initialized, skipping
Refreshing native plugins compatible for Editor in 0.95 ms, found 1 plugins.
Preloading 0 native plugins for Editor in 0.00 ms.
Unloading 1813 Unused Serialized files (Serialized files now loaded: 0)
System memory in use before: 88.7 MB.
System memory in use after: 88.7 MB.

Unloading 12 unused Assets to reduce memory usage. Loaded Objects now: 2292.
Total: 5.045500 ms (FindLiveObjects: 0.800100 ms CreateObjectMapping: 0.220000 ms MarkObjects: 3.844100 ms  DeleteObjects: 0.179200 ms)

========================================================================
Received Import Request.
  Time since last request: 114.324334 seconds.
  path: Assets/prefabs/deffender/cactus.prefab
  artifactKey: Guid(cc4cd558f98bcbe41a0aff99cef16e20) Importer(815301076,1909f56bfc062723c751e8b465ee728b)
Start importing Assets/prefabs/deffender/cactus.prefab using Guid(cc4cd558f98bcbe41a0aff99cef16e20) Importer(815301076,1909f56bfc062723c751e8b465ee728b)  -> (artifact id: '09a6ad3d0cd5487baa825bf0eb7f3d85') in 0.102085 seconds
  Import took 0.110044 seconds .

========================================================================
Received Import Request.
  Time since last request: 2.220503 seconds.
  path: Assets/prefabs/attacker/Lizard.prefab
  artifactKey: Guid(02c8cba81db82804eab538fe2354d454) Importer(815301076,1909f56bfc062723c751e8b465ee728b)
Start importing Assets/prefabs/attacker/Lizard.prefab using Guid(02c8cba81db82804eab538fe2354d454) Importer(815301076,1909f56bfc062723c751e8b465ee728b)  -> (artifact id: '19df607cde36a1920d3dbf47f9f459c4') in 0.037652 seconds
  Import took 0.053832 seconds .

========================================================================
Received Prepare
Registering precompiled user dll's ...
Registered in 0.005322 seconds.
Begin MonoManager ReloadAssembly
Native extension for WindowsStandalone target not found
Refreshing native plugins compatible for Editor in 0.58 ms, found 1 plugins.
Preloading 0 native plugins for Editor in 0.00 ms.
Invoked RoslynAnalysisRunner static constructor.
RoslynAnalysisRunner will not be running.
RoslynAnalysisRunner has terminated.
Mono: successfully reloaded assembly
- Completed reload, in  1.190 seconds
Platform modules already initialized, skipping
Refreshing native plugins compatible for Editor in 0.98 ms, found 1 plugins.
Preloading 0 native plugins for Editor in 0.00 ms.
Unloading 1813 Unused Serialized files (Serialized files now loaded: 0)
System memory in use before: 88.8 MB.
System memory in use after: 88.8 MB.

Unloading 12 unused Assets to reduce memory usage. Loaded Objects now: 2297.
Total: 3.502900 ms (FindLiveObjects: 0.336500 ms CreateObjectMapping: 0.118900 ms MarkObjects: 2.769900 ms  DeleteObjects: 0.275500 ms)

AssetImportWorkerClient::OnTransportError - code=2 error=End of file
